# JRE version: OpenJDK Runtime Environment (8.0_112-b06) (build 1.8.0_112-release-b06)
# Java VM: OpenJDK 64-Bit Server VM (25.112-b06 mixed mode windows-amd64 compressed oops)
Heap:
 PSYoungGen      total 161792K, used 37648K [0x00000000e0000000, 0x00000000ed900000, 0x0000000100000000)
  eden space 143872K, 13% used [0x00000000e0000000,0x00000000e134bfb8,0x00000000e8c80000)
  from space 17920K, 99% used [0x00000000ebe80000,0x00000000ecff8248,0x00000000ed000000)
  to   space 9216K, 0% used [0x00000000ed000000,0x00000000ed000000,0x00000000ed900000)
 ParOldGen       total 98816K, used 55955K [0x00000000a0000000, 0x00000000a6080000, 0x00000000e0000000)
  object space 98816K, 56% used [0x00000000a0000000,0x00000000a36a4d50,0x00000000a6080000)
 Metaspace       used 72455K, capacity 75964K, committed 76288K, reserved 1116160K
  class space    used 9479K, capacity 10134K, committed 10240K, reserved 1048576K
GC Heap History (10 events):
Event: 39.123 GC heap before
{Heap before GC invocations=16 (full 3):
 PSYoungGen      total 184832K, used 16344K [0x00000000e0000000, 0x00000000efd00000, 0x0000000100000000)
  eden space 167424K, 0% used [0x00000000e0000000,0x00000000e0000000,0x00000000ea380000)
  from space 17408K, 93% used [0x00000000ea380000,0x00000000eb376338,0x00000000eb480000)
  to   space 19456K, 0% used [0x00000000eea00000,0x00000000eea00000,0x00000000efd00000)
 ParOldGen       total 54272K, used 33579K [0x00000000a0000000, 0x00000000a3500000, 0x00000000e0000000)
  object space 54272K, 61% used [0x00000000a0000000,0x00000000a20cacb0,0x00000000a3500000)
 Metaspace       used 56833K, capacity 59156K, committed 59160K, reserved 1099776K
  class space    used 7580K, capacity 8061K, committed 8064K, reserved 1048576K
Event: 39.579 GC heap after
Heap after GC invocations=16 (full 3):
 PSYoungGen      total 184832K, used 0K [0x00000000e0000000, 0x00000000efd00000, 0x0000000100000000)
  eden space 167424K, 0% used [0x00000000e0000000,0x00000000e0000000,0x00000000ea380000)
  from space 17408K, 0% used [0x00000000ea380000,0x00000000ea380000,0x00000000eb480000)
  to   space 19456K, 0% used [0x00000000eea00000,0x00000000eea00000,0x00000000efd00000)
 ParOldGen       total 98816K, used 44043K [0x00000000a0000000, 0x00000000a6080000, 0x00000000e0000000)
  object space 98816K, 44% used [0x00000000a0000000,0x00000000a2b02ca8,0x00000000a6080000)
 Metaspace       used 56833K, capacity 59156K, committed 59160K, reserved 1099776K
  class space    used 7580K, capacity 8061K, committed 8064K, reserved 1048576K
}
Event: 3759.875 GC heap before
{Heap before GC invocations=17 (full 3):
 PSYoungGen      total 184832K, used 167424K [0x00000000e0000000, 0x00000000efd00000, 0x0000000100000000)
  eden space 167424K, 100% used [0x00000000e0000000,0x00000000ea380000,0x00000000ea380000)
  from space 17408K, 0% used [0x00000000ea380000,0x00000000ea380000,0x00000000eb480000)
  to   space 19456K, 0% used [0x00000000eea00000,0x00000000eea00000,0x00000000efd00000)
 ParOldGen       total 98816K, used 44043K [0x00000000a0000000, 0x00000000a6080000, 0x00000000e0000000)
  object space 98816K, 44% used [0x00000000a0000000,0x00000000a2b02ca8,0x00000000a6080000)
 Metaspace       used 59600K, capacity 62112K, committed 62208K, reserved 1103872K
  class space    used 7908K, capacity 8437K, committed 8448K, reserved 1048576K
Event: 3760.064 GC heap after
Heap after GC invocations=17 (full 3):
 PSYoungGen      total 168960K, used 7424K [0x00000000e0000000, 0x00000000ef180000, 0x0000000100000000)
  eden space 161280K, 0% used [0x00000000e0000000,0x00000000e0000000,0x00000000e9d80000)
  from space 7680K, 96% used [0x00000000eea00000,0x00000000ef140060,0x00000000ef180000)
  to   space 18944K, 0% used [0x00000000ecc80000,0x00000000ecc80000,0x00000000edf00000)
 ParOldGen       total 98816K, used 44051K [0x00000000a0000000, 0x00000000a6080000, 0x00000000e0000000)
  object space 98816K, 44% used [0x00000000a0000000,0x00000000a2b04ca8,0x00000000a6080000)
 Metaspace       used 59600K, capacity 62112K, committed 62208K, reserved 1103872K
  class space    used 7908K, capacity 8437K, committed 8448K, reserved 1048576K
}
Event: 3820.840 GC heap before
{Heap before GC invocations=18 (full 3):
 PSYoungGen      total 168960K, used 168704K [0x00000000e0000000, 0x00000000ef180000, 0x0000000100000000)
  eden space 161280K, 100% used [0x00000000e0000000,0x00000000e9d80000,0x00000000e9d80000)
  from space 7680K, 96% used [0x00000000eea00000,0x00000000ef140060,0x00000000ef180000)
  to   space 18944K, 0% used [0x00000000ecc80000,0x00000000ecc80000,0x00000000edf00000)
 ParOldGen       total 98816K, used 44051K [0x00000000a0000000, 0x00000000a6080000, 0x00000000e0000000)
  object space 98816K, 44% used [0x00000000a0000000,0x00000000a2b04ca8,0x00000000a6080000)
 Metaspace       used 61177K, capacity 64016K, committed 64128K, reserved 1103872K
  class space    used 8136K, capacity 8743K, committed 8832K, reserved 1048576K
Event: 3820.864 GC heap after
Heap after GC invocations=18 (full 3):
 PSYoungGen      total 167424K, used 12229K [0x00000000e0000000, 0x00000000eea80000, 0x0000000100000000)
  eden space 155136K, 0% used [0x00000000e0000000,0x00000000e0000000,0x00000000e9780000)
  from space 12288K, 99% used [0x00000000ecc80000,0x00000000ed871668,0x00000000ed880000)
  to   space 18432K, 0% used [0x00000000ed880000,0x00000000ed880000,0x00000000eea80000)
 ParOldGen       total 98816K, used 44059K [0x00000000a0000000, 0x00000000a6080000, 0x00000000e0000000)
  object space 98816K, 44% used [0x00000000a0000000,0x00000000a2b06ca8,0x00000000a6080000)
 Metaspace       used 61177K, capacity 64016K, committed 64128K, reserved 1103872K
  class space    used 8136K, capacity 8743K, committed 8832K, reserved 1048576K
}
Event: 4235.549 GC heap before
{Heap before GC invocations=19 (full 3):
 PSYoungGen      total 167424K, used 167365K [0x00000000e0000000, 0x00000000eea80000, 0x0000000100000000)
  eden space 155136K, 100% used [0x00000000e0000000,0x00000000e9780000,0x00000000e9780000)
  from space 12288K, 99% used [0x00000000ecc80000,0x00000000ed871668,0x00000000ed880000)
  to   space 18432K, 0% used [0x00000000ed880000,0x00000000ed880000,0x00000000eea80000)
 ParOldGen       total 98816K, used 44059K [0x00000000a0000000, 0x00000000a6080000, 0x00000000e0000000)
  object space 98816K, 44% used [0x00000000a0000000,0x00000000a2b06ca8,0x00000000a6080000)
 Metaspace       used 62573K, capacity 65878K, committed 66048K, reserved 1105920K
  class space    used 8311K, capacity 8939K, committed 8960K, reserved 1048576K
Event: 4235.571 GC heap after
Heap after GC invocations=19 (full 3):
 PSYoungGen      total 158720K, used 9016K [0x00000000e0000000, 0x00000000ee180000, 0x0000000100000000)
  eden space 149504K, 0% used [0x00000000e0000000,0x00000000e0000000,0x00000000e9200000)
  from space 9216K, 97% used [0x00000000ed880000,0x00000000ee14e358,0x00000000ee180000)
  to   space 17920K, 0% used [0x00000000ebe80000,0x00000000ebe80000,0x00000000ed000000)
 ParOldGen       total 98816K, used 44067K [0x00000000a0000000, 0x00000000a6080000, 0x00000000e0000000)
  object space 98816K, 44% used [0x00000000a0000000,0x00000000a2b08ca8,0x00000000a6080000)
 Metaspace       used 62573K, capacity 65878K, committed 66048K, reserved 1105920K
  class space    used 8311K, capacity 8939K, committed 8960K, reserved 1048576K
}
Event: 4243.972 GC heap before
{Heap before GC invocations=20 (full 3):
 PSYoungGen      total 158720K, used 158520K [0x00000000e0000000, 0x00000000ee180000, 0x0000000100000000)
  eden space 149504K, 100% used [0x00000000e0000000,0x00000000e9200000,0x00000000e9200000)
  from space 9216K, 97% used [0x00000000ed880000,0x00000000ee14e358,0x00000000ee180000)
  to   space 17920K, 0% used [0x00000000ebe80000,0x00000000ebe80000,0x00000000ed000000)
 ParOldGen       total 98816K, used 44067K [0x00000000a0000000, 0x00000000a6080000, 0x00000000e0000000)
  object space 98816K, 44% used [0x00000000a0000000,0x00000000a2b08ca8,0x00000000a6080000)
 Metaspace       used 72423K, capacity 75898K, committed 76032K, reserved 1116160K
  class space    used 9474K, capacity 10133K, committed 10240K, reserved 1048576K
Event: 4244.020 GC heap after
Heap after GC invocations=20 (full 3):
 PSYoungGen      total 161792K, used 17888K [0x00000000e0000000, 0x00000000ed900000, 0x0000000100000000)
  eden space 143872K, 0% used [0x00000000e0000000,0x00000000e0000000,0x00000000e8c80000)
  from space 17920K, 99% used [0x00000000ebe80000,0x00000000ecff8248,0x00000000ed000000)
  to   space 9216K, 0% used [0x00000000ed000000,0x00000000ed000000,0x00000000ed900000)
 ParOldGen       total 98816K, used 55955K [0x00000000a0000000, 0x00000000a6080000, 0x00000000e0000000)
  object space 98816K, 56% used [0x00000000a0000000,0x00000000a36a4d50,0x00000000a6080000)
 Metaspace       used 72423K, capacity 75898K, committed 76032K, reserved 1116160K
  class space    used 9474K, capacity 10133K, committed 10240K, reserved 1048576K
}

