# JRE version: OpenJDK Runtime Environment (8.0_112-b06) (build 1.8.0_112-release-b06)
# Java VM: OpenJDK 64-Bit Server VM (25.112-b06 mixed mode windows-amd64 compressed oops)
Heap:
 PSYoungGen      total 143360K, used 93631K [0x00000000e0000000, 0x00000000e9a00000, 0x0000000100000000)
  eden space 131584K, 63% used [0x00000000e0000000,0x00000000e5105678,0x00000000e8080000)
  from space 11776K, 90% used [0x00000000e8d00000,0x00000000e976a6b8,0x00000000e9880000)
  to   space 12800K, 0% used [0x00000000e8080000,0x00000000e8080000,0x00000000e8d00000)
 ParOldGen       total 53760K, used 17245K [0x00000000a0000000, 0x00000000a3480000, 0x00000000e0000000)
  object space 53760K, 32% used [0x00000000a0000000,0x00000000a10d7538,0x00000000a3480000)
 Metaspace       used 43357K, capacity 44298K, committed 44544K, reserved 1087488K
  class space    used 5797K, capacity 6055K, committed 6144K, reserved 1048576K
GC Heap History (10 events):
Event: 11.702 GC heap before
{Heap before GC invocations=8 (full 1):
 PSYoungGen      total 72192K, used 64512K [0x00000000e0000000, 0x00000000e5100000, 0x0000000100000000)
  eden space 64512K, 100% used [0x00000000e0000000,0x00000000e3f00000,0x00000000e3f00000)
  from space 7680K, 0% used [0x00000000e4780000,0x00000000e4780000,0x00000000e4f00000)
  to   space 8704K, 0% used [0x00000000e3f00000,0x00000000e3f00000,0x00000000e4780000)
 ParOldGen       total 35840K, used 9179K [0x00000000a0000000, 0x00000000a2300000, 0x00000000e0000000)
  object space 35840K, 25% used [0x00000000a0000000,0x00000000a08f6ef8,0x00000000a2300000)
 Metaspace       used 26469K, capacity 26946K, committed 27136K, reserved 1073152K
  class space    used 3650K, capacity 3776K, committed 3840K, reserved 1048576K
Event: 11.718 GC heap after
Heap after GC invocations=8 (full 1):
 PSYoungGen      total 73216K, used 8046K [0x00000000e0000000, 0x00000000e7900000, 0x0000000100000000)
  eden space 64512K, 0% used [0x00000000e0000000,0x00000000e0000000,0x00000000e3f00000)
  from space 8704K, 92% used [0x00000000e3f00000,0x00000000e46db9a0,0x00000000e4780000)
  to   space 9728K, 0% used [0x00000000e6f80000,0x00000000e6f80000,0x00000000e7900000)
 ParOldGen       total 35840K, used 9179K [0x00000000a0000000, 0x00000000a2300000, 0x00000000e0000000)
  object space 35840K, 25% used [0x00000000a0000000,0x00000000a08f6ef8,0x00000000a2300000)
 Metaspace       used 26469K, capacity 26946K, committed 27136K, reserved 1073152K
  class space    used 3650K, capacity 3776K, committed 3840K, reserved 1048576K
}
Event: 13.809 GC heap before
{Heap before GC invocations=9 (full 1):
 PSYoungGen      total 73216K, used 72558K [0x00000000e0000000, 0x00000000e7900000, 0x0000000100000000)
  eden space 64512K, 100% used [0x00000000e0000000,0x00000000e3f00000,0x00000000e3f00000)
  from space 8704K, 92% used [0x00000000e3f00000,0x00000000e46db9a0,0x00000000e4780000)
  to   space 9728K, 0% used [0x00000000e6f80000,0x00000000e6f80000,0x00000000e7900000)
 ParOldGen       total 35840K, used 9179K [0x00000000a0000000, 0x00000000a2300000, 0x00000000e0000000)
  object space 35840K, 25% used [0x00000000a0000000,0x00000000a08f6ef8,0x00000000a2300000)
 Metaspace       used 29844K, capacity 30404K, committed 30720K, reserved 1075200K
  class space    used 4075K, capacity 4242K, committed 4352K, reserved 1048576K
Event: 13.822 GC heap after
Heap after GC invocations=9 (full 1):
 PSYoungGen      total 109056K, used 7071K [0x00000000e0000000, 0x00000000e7700000, 0x0000000100000000)
  eden space 101376K, 0% used [0x00000000e0000000,0x00000000e0000000,0x00000000e6300000)
  from space 7680K, 92% used [0x00000000e6f80000,0x00000000e7667c98,0x00000000e7700000)
  to   space 10240K, 0% used [0x00000000e6300000,0x00000000e6300000,0x00000000e6d00000)
 ParOldGen       total 35840K, used 9179K [0x00000000a0000000, 0x00000000a2300000, 0x00000000e0000000)
  object space 35840K, 25% used [0x00000000a0000000,0x00000000a08f6ef8,0x00000000a2300000)
 Metaspace       used 29844K, capacity 30404K, committed 30720K, reserved 1075200K
  class space    used 4075K, capacity 4242K, committed 4352K, reserved 1048576K
}
Event: 20.925 GC heap before
{Heap before GC invocations=10 (full 1):
 PSYoungGen      total 109056K, used 53766K [0x00000000e0000000, 0x00000000e7700000, 0x0000000100000000)
  eden space 101376K, 46% used [0x00000000e0000000,0x00000000e2d99d50,0x00000000e6300000)
  from space 7680K, 92% used [0x00000000e6f80000,0x00000000e7667c98,0x00000000e7700000)
  to   space 10240K, 0% used [0x00000000e6300000,0x00000000e6300000,0x00000000e6d00000)
 ParOldGen       total 35840K, used 9179K [0x00000000a0000000, 0x00000000a2300000, 0x00000000e0000000)
  object space 35840K, 25% used [0x00000000a0000000,0x00000000a08f6ef8,0x00000000a2300000)
 Metaspace       used 34521K, capacity 35264K, committed 35496K, reserved 1079296K
  class space    used 4660K, capacity 4845K, committed 4864K, reserved 1048576K
Event: 20.945 GC heap after
Heap after GC invocations=10 (full 1):
 PSYoungGen      total 111616K, used 10235K [0x00000000e0000000, 0x00000000e9880000, 0x0000000100000000)
  eden space 101376K, 0% used [0x00000000e0000000,0x00000000e0000000,0x00000000e6300000)
  from space 10240K, 99% used [0x00000000e6300000,0x00000000e6cfeec0,0x00000000e6d00000)
  to   space 11776K, 0% used [0x00000000e8d00000,0x00000000e8d00000,0x00000000e9880000)
 ParOldGen       total 35840K, used 9856K [0x00000000a0000000, 0x00000000a2300000, 0x00000000e0000000)
  object space 35840K, 27% used [0x00000000a0000000,0x00000000a09a0128,0x00000000a2300000)
 Metaspace       used 34521K, capacity 35264K, committed 35496K, reserved 1079296K
  class space    used 4660K, capacity 4845K, committed 4864K, reserved 1048576K
}
Event: 20.945 GC heap before
{Heap before GC invocations=11 (full 2):
 PSYoungGen      total 111616K, used 10235K [0x00000000e0000000, 0x00000000e9880000, 0x0000000100000000)
  eden space 101376K, 0% used [0x00000000e0000000,0x00000000e0000000,0x00000000e6300000)
  from space 10240K, 99% used [0x00000000e6300000,0x00000000e6cfeec0,0x00000000e6d00000)
  to   space 11776K, 0% used [0x00000000e8d00000,0x00000000e8d00000,0x00000000e9880000)
 ParOldGen       total 35840K, used 9856K [0x00000000a0000000, 0x00000000a2300000, 0x00000000e0000000)
  object space 35840K, 27% used [0x00000000a0000000,0x00000000a09a0128,0x00000000a2300000)
 Metaspace       used 34521K, capacity 35264K, committed 35496K, reserved 1079296K
  class space    used 4660K, capacity 4845K, committed 4864K, reserved 1048576K
Event: 21.065 GC heap after
Heap after GC invocations=11 (full 2):
 PSYoungGen      total 111616K, used 0K [0x00000000e0000000, 0x00000000e9880000, 0x0000000100000000)
  eden space 101376K, 0% used [0x00000000e0000000,0x00000000e0000000,0x00000000e6300000)
  from space 10240K, 0% used [0x00000000e6300000,0x00000000e6300000,0x00000000e6d00000)
  to   space 11776K, 0% used [0x00000000e8d00000,0x00000000e8d00000,0x00000000e9880000)
 ParOldGen       total 53760K, used 17237K [0x00000000a0000000, 0x00000000a3480000, 0x00000000e0000000)
  object space 53760K, 32% used [0x00000000a0000000,0x00000000a10d5538,0x00000000a3480000)
 Metaspace       used 34521K, capacity 35264K, committed 35496K, reserved 1079296K
  class space    used 4660K, capacity 4845K, committed 4864K, reserved 1048576K
}
Event: 24.080 GC heap before
{Heap before GC invocations=12 (full 2):
 PSYoungGen      total 111616K, used 101376K [0x00000000e0000000, 0x00000000e9880000, 0x0000000100000000)
  eden space 101376K, 100% used [0x00000000e0000000,0x00000000e6300000,0x00000000e6300000)
  from space 10240K, 0% used [0x00000000e6300000,0x00000000e6300000,0x00000000e6d00000)
  to   space 11776K, 0% used [0x00000000e8d00000,0x00000000e8d00000,0x00000000e9880000)
 ParOldGen       total 53760K, used 17237K [0x00000000a0000000, 0x00000000a3480000, 0x00000000e0000000)
  object space 53760K, 32% used [0x00000000a0000000,0x00000000a10d5538,0x00000000a3480000)
 Metaspace       used 42713K, capacity 43620K, committed 43904K, reserved 1087488K
  class space    used 5761K, capacity 5996K, committed 6016K, reserved 1048576K
Event: 24.101 GC heap after
Heap after GC invocations=12 (full 2):
 PSYoungGen      total 143360K, used 10665K [0x00000000e0000000, 0x00000000e9a00000, 0x0000000100000000)
  eden space 131584K, 0% used [0x00000000e0000000,0x00000000e0000000,0x00000000e8080000)
  from space 11776K, 90% used [0x00000000e8d00000,0x00000000e976a6b8,0x00000000e9880000)
  to   space 12800K, 0% used [0x00000000e8080000,0x00000000e8080000,0x00000000e8d00000)
 ParOldGen       total 53760K, used 17245K [0x00000000a0000000, 0x00000000a3480000, 0x00000000e0000000)
  object space 53760K, 32% used [0x00000000a0000000,0x00000000a10d7538,0x00000000a3480000)
 Metaspace       used 42713K, capacity 43620K, committed 43904K, reserved 1087488K
  class space    used 5761K, capacity 5996K, committed 6016K, reserved 1048576K
}

