# JRE version: OpenJDK Runtime Environment (8.0_112-b06) (build 1.8.0_112-release-b06)
# Java VM: OpenJDK 64-Bit Server VM (25.112-b06 mixed mode windows-amd64 compressed oops)
Heap:
 PSYoungGen      total 52224K, used 7149K [0x00000000e0000000, 0x00000000e4900000, 0x0000000100000000)
  eden space 45056K, 3% used [0x00000000e0000000,0x00000000e01ba5f8,0x00000000e2c00000)
  from space 7168K, 75% used [0x00000000e2c00000,0x00000000e3141170,0x00000000e3300000)
  to   space 7168K, 0% used [0x00000000e4200000,0x00000000e4200000,0x00000000e4900000)
 ParOldGen       total 32768K, used 11874K [0x00000000a0000000, 0x00000000a2000000, 0x00000000e0000000)
  object space 32768K, 36% used [0x00000000a0000000,0x00000000a0b98980,0x00000000a2000000)
 Metaspace       used 32383K, capacity 32946K, committed 33280K, reserved 1077248K
  class space    used 4364K, capacity 4510K, committed 4608K, reserved 1048576K
GC Heap History (10 events):
Event: 8.570 GC heap before
{Heap before GC invocations=8 (full 0):
 PSYoungGen      total 22528K, used 10783K [0x00000000e0000000, 0x00000000e2d00000, 0x0000000100000000)
  eden space 16384K, 31% used [0x00000000e0000000,0x00000000e0512370,0x00000000e1000000)
  from space 6144K, 90% used [0x00000000e1000000,0x00000000e1575aa0,0x00000000e1600000)
  to   space 6656K, 0% used [0x00000000e2680000,0x00000000e2680000,0x00000000e2d00000)
 ParOldGen       total 44032K, used 7247K [0x00000000a0000000, 0x00000000a2b00000, 0x00000000e0000000)
  object space 44032K, 16% used [0x00000000a0000000,0x00000000a0713e78,0x00000000a2b00000)
 Metaspace       used 20859K, capacity 21222K, committed 21296K, reserved 1067008K
  class space    used 2797K, capacity 2944K, committed 2944K, reserved 1048576K
Event: 8.579 GC heap after
Heap after GC invocations=8 (full 0):
 PSYoungGen      total 39424K, used 4347K [0x00000000e0000000, 0x00000000e2d00000, 0x0000000100000000)
  eden space 32768K, 0% used [0x00000000e0000000,0x00000000e0000000,0x00000000e2000000)
  from space 6656K, 65% used [0x00000000e2680000,0x00000000e2abefd0,0x00000000e2d00000)
  to   space 6656K, 0% used [0x00000000e2000000,0x00000000e2000000,0x00000000e2680000)
 ParOldGen       total 44032K, used 8399K [0x00000000a0000000, 0x00000000a2b00000, 0x00000000e0000000)
  object space 44032K, 19% used [0x00000000a0000000,0x00000000a0833f30,0x00000000a2b00000)
 Metaspace       used 20859K, capacity 21222K, committed 21296K, reserved 1067008K
  class space    used 2797K, capacity 2944K, committed 2944K, reserved 1048576K
}
Event: 8.579 GC heap before
{Heap before GC invocations=9 (full 1):
 PSYoungGen      total 39424K, used 4347K [0x00000000e0000000, 0x00000000e2d00000, 0x0000000100000000)
  eden space 32768K, 0% used [0x00000000e0000000,0x00000000e0000000,0x00000000e2000000)
  from space 6656K, 65% used [0x00000000e2680000,0x00000000e2abefd0,0x00000000e2d00000)
  to   space 6656K, 0% used [0x00000000e2000000,0x00000000e2000000,0x00000000e2680000)
 ParOldGen       total 44032K, used 8399K [0x00000000a0000000, 0x00000000a2b00000, 0x00000000e0000000)
  object space 44032K, 19% used [0x00000000a0000000,0x00000000a0833f30,0x00000000a2b00000)
 Metaspace       used 20859K, capacity 21222K, committed 21296K, reserved 1067008K
  class space    used 2797K, capacity 2944K, committed 2944K, reserved 1048576K
Event: 8.680 GC heap after
Heap after GC invocations=9 (full 1):
 PSYoungGen      total 39424K, used 0K [0x00000000e0000000, 0x00000000e2d00000, 0x0000000100000000)
  eden space 32768K, 0% used [0x00000000e0000000,0x00000000e0000000,0x00000000e2000000)
  from space 6656K, 0% used [0x00000000e2680000,0x00000000e2680000,0x00000000e2d00000)
  to   space 6656K, 0% used [0x00000000e2000000,0x00000000e2000000,0x00000000e2680000)
 ParOldGen       total 32768K, used 7797K [0x00000000a0000000, 0x00000000a2000000, 0x00000000e0000000)
  object space 32768K, 23% used [0x00000000a0000000,0x00000000a079d4a0,0x00000000a2000000)
 Metaspace       used 20859K, capacity 21222K, committed 21296K, reserved 1067008K
  class space    used 2797K, capacity 2944K, committed 2944K, reserved 1048576K
}
Event: 10.786 GC heap before
{Heap before GC invocations=10 (full 1):
 PSYoungGen      total 39424K, used 32768K [0x00000000e0000000, 0x00000000e2d00000, 0x0000000100000000)
  eden space 32768K, 100% used [0x00000000e0000000,0x00000000e2000000,0x00000000e2000000)
  from space 6656K, 0% used [0x00000000e2680000,0x00000000e2680000,0x00000000e2d00000)
  to   space 6656K, 0% used [0x00000000e2000000,0x00000000e2000000,0x00000000e2680000)
 ParOldGen       total 32768K, used 7797K [0x00000000a0000000, 0x00000000a2000000, 0x00000000e0000000)
  object space 32768K, 23% used [0x00000000a0000000,0x00000000a079d4a0,0x00000000a2000000)
 Metaspace       used 25380K, capacity 25760K, committed 26112K, reserved 1071104K
  class space    used 3304K, capacity 3471K, committed 3584K, reserved 1048576K
Event: 10.799 GC heap after
Heap after GC invocations=10 (full 1):
 PSYoungGen      total 39424K, used 5321K [0x00000000e0000000, 0x00000000e3980000, 0x0000000100000000)
  eden space 32768K, 0% used [0x00000000e0000000,0x00000000e0000000,0x00000000e2000000)
  from space 6656K, 79% used [0x00000000e2000000,0x00000000e2532758,0x00000000e2680000)
  to   space 6656K, 0% used [0x00000000e3300000,0x00000000e3300000,0x00000000e3980000)
 ParOldGen       total 32768K, used 7805K [0x00000000a0000000, 0x00000000a2000000, 0x00000000e0000000)
  object space 32768K, 23% used [0x00000000a0000000,0x00000000a079f4a0,0x00000000a2000000)
 Metaspace       used 25380K, capacity 25760K, committed 26112K, reserved 1071104K
  class space    used 3304K, capacity 3471K, committed 3584K, reserved 1048576K
}
Event: 12.829 GC heap before
{Heap before GC invocations=11 (full 1):
 PSYoungGen      total 39424K, used 38089K [0x00000000e0000000, 0x00000000e3980000, 0x0000000100000000)
  eden space 32768K, 100% used [0x00000000e0000000,0x00000000e2000000,0x00000000e2000000)
  from space 6656K, 79% used [0x00000000e2000000,0x00000000e2532758,0x00000000e2680000)
  to   space 6656K, 0% used [0x00000000e3300000,0x00000000e3300000,0x00000000e3980000)
 ParOldGen       total 32768K, used 7805K [0x00000000a0000000, 0x00000000a2000000, 0x00000000e0000000)
  object space 32768K, 23% used [0x00000000a0000000,0x00000000a079f4a0,0x00000000a2000000)
 Metaspace       used 27756K, capacity 28332K, committed 28544K, reserved 1073152K
  class space    used 3668K, capacity 3852K, committed 3968K, reserved 1048576K
Event: 12.849 GC heap after
Heap after GC invocations=11 (full 1):
 PSYoungGen      total 51712K, used 5819K [0x00000000e0000000, 0x00000000e3a00000, 0x0000000100000000)
  eden space 45056K, 0% used [0x00000000e0000000,0x00000000e0000000,0x00000000e2c00000)
  from space 6656K, 87% used [0x00000000e3300000,0x00000000e38aef10,0x00000000e3980000)
  to   space 7168K, 0% used [0x00000000e2c00000,0x00000000e2c00000,0x00000000e3300000)
 ParOldGen       total 32768K, used 7813K [0x00000000a0000000, 0x00000000a2000000, 0x00000000e0000000)
  object space 32768K, 23% used [0x00000000a0000000,0x00000000a07a14a0,0x00000000a2000000)
 Metaspace       used 27756K, capacity 28332K, committed 28544K, reserved 1073152K
  class space    used 3668K, capacity 3852K, committed 3968K, reserved 1048576K
}
Event: 14.975 GC heap before
{Heap before GC invocations=12 (full 1):
 PSYoungGen      total 51712K, used 50875K [0x00000000e0000000, 0x00000000e3a00000, 0x0000000100000000)
  eden space 45056K, 100% used [0x00000000e0000000,0x00000000e2c00000,0x00000000e2c00000)
  from space 6656K, 87% used [0x00000000e3300000,0x00000000e38aef10,0x00000000e3980000)
  to   space 7168K, 0% used [0x00000000e2c00000,0x00000000e2c00000,0x00000000e3300000)
 ParOldGen       total 32768K, used 7813K [0x00000000a0000000, 0x00000000a2000000, 0x00000000e0000000)
  object space 32768K, 23% used [0x00000000a0000000,0x00000000a07a14a0,0x00000000a2000000)
 Metaspace       used 32201K, capacity 32754K, committed 33024K, reserved 1077248K
  class space    used 4352K, capacity 4510K, committed 4608K, reserved 1048576K
Event: 14.991 GC heap after
Heap after GC invocations=12 (full 1):
 PSYoungGen      total 52224K, used 5380K [0x00000000e0000000, 0x00000000e4900000, 0x0000000100000000)
  eden space 45056K, 0% used [0x00000000e0000000,0x00000000e0000000,0x00000000e2c00000)
  from space 7168K, 75% used [0x00000000e2c00000,0x00000000e3141170,0x00000000e3300000)
  to   space 7168K, 0% used [0x00000000e4200000,0x00000000e4200000,0x00000000e4900000)
 ParOldGen       total 32768K, used 11874K [0x00000000a0000000, 0x00000000a2000000, 0x00000000e0000000)
  object space 32768K, 36% used [0x00000000a0000000,0x00000000a0b98980,0x00000000a2000000)
 Metaspace       used 32201K, capacity 32754K, committed 33024K, reserved 1077248K
  class space    used 4352K, capacity 4510K, committed 4608K, reserved 1048576K
}

