# JRE version: OpenJDK Runtime Environment (8.0_112-b06) (build 1.8.0_112-release-b06)
# Java VM: OpenJDK 64-Bit Server VM (25.112-b06 mixed mode windows-amd64 compressed oops)
Heap:
 PSYoungGen      total 349184K, used 195111K [0x00000000e0000000, 0x00000000fa700000, 0x0000000100000000)
  eden space 322560K, 58% used [0x00000000e0000000,0x00000000eb9cccd0,0x00000000f3b00000)
  from space 26624K, 18% used [0x00000000f3b00000,0x00000000f3fbd2f8,0x00000000f5500000)
  to   space 26624K, 0% used [0x00000000f8d00000,0x00000000f8d00000,0x00000000fa700000)
 ParOldGen       total 87040K, used 52596K [0x00000000a0000000, 0x00000000a5500000, 0x00000000e0000000)
  object space 87040K, 60% used [0x00000000a0000000,0x00000000a335d280,0x00000000a5500000)
 Metaspace       used 68184K, capacity 71764K, committed 71936K, reserved 1112064K
  class space    used 8597K, capacity 9119K, committed 9216K, reserved 1048576K
GC Heap History (10 events):
Event: 69.387 GC heap before
{Heap before GC invocations=18 (full 3):
 PSYoungGen      total 214528K, used 192000K [0x00000000e0000000, 0x00000000f0780000, 0x0000000100000000)
  eden space 192000K, 100% used [0x00000000e0000000,0x00000000ebb80000,0x00000000ebb80000)
  from space 22528K, 0% used [0x00000000ed200000,0x00000000ed200000,0x00000000ee800000)
  to   space 23040K, 0% used [0x00000000ebb80000,0x00000000ebb80000,0x00000000ed200000)
 ParOldGen       total 87040K, used 36551K [0x00000000a0000000, 0x00000000a5500000, 0x00000000e0000000)
  object space 87040K, 41% used [0x00000000a0000000,0x00000000a23b1cd0,0x00000000a5500000)
 Metaspace       used 58577K, capacity 60558K, committed 60800K, reserved 1101824K
  class space    used 7637K, capacity 8020K, committed 8064K, reserved 1048576K
Event: 69.409 GC heap after
Heap after GC invocations=18 (full 3):
 PSYoungGen      total 215040K, used 3788K [0x00000000e0000000, 0x00000000f3800000, 0x0000000100000000)
  eden space 192000K, 0% used [0x00000000e0000000,0x00000000e0000000,0x00000000ebb80000)
  from space 23040K, 16% used [0x00000000ebb80000,0x00000000ebf33038,0x00000000ed200000)
  to   space 22528K, 0% used [0x00000000f2200000,0x00000000f2200000,0x00000000f3800000)
 ParOldGen       total 87040K, used 36559K [0x00000000a0000000, 0x00000000a5500000, 0x00000000e0000000)
  object space 87040K, 42% used [0x00000000a0000000,0x00000000a23b3cd0,0x00000000a5500000)
 Metaspace       used 58577K, capacity 60558K, committed 60800K, reserved 1101824K
  class space    used 7637K, capacity 8020K, committed 8064K, reserved 1048576K
}
Event: 134.271 GC heap before
{Heap before GC invocations=19 (full 3):
 PSYoungGen      total 215040K, used 195788K [0x00000000e0000000, 0x00000000f3800000, 0x0000000100000000)
  eden space 192000K, 100% used [0x00000000e0000000,0x00000000ebb80000,0x00000000ebb80000)
  from space 23040K, 16% used [0x00000000ebb80000,0x00000000ebf33038,0x00000000ed200000)
  to   space 22528K, 0% used [0x00000000f2200000,0x00000000f2200000,0x00000000f3800000)
 ParOldGen       total 87040K, used 36559K [0x00000000a0000000, 0x00000000a5500000, 0x00000000e0000000)
  object space 87040K, 42% used [0x00000000a0000000,0x00000000a23b3cd0,0x00000000a5500000)
 Metaspace       used 65055K, capacity 67244K, committed 67456K, reserved 1107968K
  class space    used 8378K, capacity 8779K, committed 8832K, reserved 1048576K
Event: 134.288 GC heap after
Heap after GC invocations=19 (full 3):
 PSYoungGen      total 280576K, used 8215K [0x00000000e0000000, 0x00000000f2f00000, 0x0000000100000000)
  eden space 267264K, 0% used [0x00000000e0000000,0x00000000e0000000,0x00000000f0500000)
  from space 13312K, 61% used [0x00000000f2200000,0x00000000f2a05e08,0x00000000f2f00000)
  to   space 21504K, 0% used [0x00000000f0500000,0x00000000f0500000,0x00000000f1a00000)
 ParOldGen       total 87040K, used 36567K [0x00000000a0000000, 0x00000000a5500000, 0x00000000e0000000)
  object space 87040K, 42% used [0x00000000a0000000,0x00000000a23b5cd0,0x00000000a5500000)
 Metaspace       used 65055K, capacity 67244K, committed 67456K, reserved 1107968K
  class space    used 8378K, capacity 8779K, committed 8832K, reserved 1048576K
}
Event: 1439.293 GC heap before
{Heap before GC invocations=20 (full 3):
 PSYoungGen      total 280576K, used 275479K [0x00000000e0000000, 0x00000000f2f00000, 0x0000000100000000)
  eden space 267264K, 100% used [0x00000000e0000000,0x00000000f0500000,0x00000000f0500000)
  from space 13312K, 61% used [0x00000000f2200000,0x00000000f2a05e08,0x00000000f2f00000)
  to   space 21504K, 0% used [0x00000000f0500000,0x00000000f0500000,0x00000000f1a00000)
 ParOldGen       total 87040K, used 36567K [0x00000000a0000000, 0x00000000a5500000, 0x00000000e0000000)
  object space 87040K, 42% used [0x00000000a0000000,0x00000000a23b5cd0,0x00000000a5500000)
 Metaspace       used 66268K, capacity 68652K, committed 68864K, reserved 1110016K
  class space    used 8423K, capacity 8839K, committed 8960K, reserved 1048576K
Event: 1439.372 GC heap after
Heap after GC invocations=20 (full 3):
 PSYoungGen      total 288768K, used 21492K [0x00000000e0000000, 0x00000000f7880000, 0x0000000100000000)
  eden space 267264K, 0% used [0x00000000e0000000,0x00000000e0000000,0x00000000f0500000)
  from space 21504K, 99% used [0x00000000f0500000,0x00000000f19fd0f8,0x00000000f1a00000)
  to   space 27648K, 0% used [0x00000000f5d80000,0x00000000f5d80000,0x00000000f7880000)
 ParOldGen       total 87040K, used 43467K [0x00000000a0000000, 0x00000000a5500000, 0x00000000e0000000)
  object space 87040K, 49% used [0x00000000a0000000,0x00000000a2a72fc0,0x00000000a5500000)
 Metaspace       used 66268K, capacity 68652K, committed 68864K, reserved 1110016K
  class space    used 8423K, capacity 8839K, committed 8960K, reserved 1048576K
}
Event: 1634.601 GC heap before
{Heap before GC invocations=21 (full 3):
 PSYoungGen      total 288768K, used 288756K [0x00000000e0000000, 0x00000000f7880000, 0x0000000100000000)
  eden space 267264K, 100% used [0x00000000e0000000,0x00000000f0500000,0x00000000f0500000)
  from space 21504K, 99% used [0x00000000f0500000,0x00000000f19fd0f8,0x00000000f1a00000)
  to   space 27648K, 0% used [0x00000000f5d80000,0x00000000f5d80000,0x00000000f7880000)
 ParOldGen       total 87040K, used 43467K [0x00000000a0000000, 0x00000000a5500000, 0x00000000e0000000)
  object space 87040K, 49% used [0x00000000a0000000,0x00000000a2a72fc0,0x00000000a5500000)
 Metaspace       used 67055K, capacity 69808K, committed 69888K, reserved 1110016K
  class space    used 8485K, capacity 8941K, committed 8960K, reserved 1048576K
Event: 1634.642 GC heap after
Heap after GC invocations=21 (full 3):
 PSYoungGen      total 340480K, used 13515K [0x00000000e0000000, 0x00000000f6f00000, 0x0000000100000000)
  eden space 322560K, 0% used [0x00000000e0000000,0x00000000e0000000,0x00000000f3b00000)
  from space 17920K, 75% used [0x00000000f5d80000,0x00000000f6ab2ff0,0x00000000f6f00000)
  to   space 26624K, 0% used [0x00000000f3b00000,0x00000000f3b00000,0x00000000f5500000)
 ParOldGen       total 87040K, used 49776K [0x00000000a0000000, 0x00000000a5500000, 0x00000000e0000000)
  object space 87040K, 57% used [0x00000000a0000000,0x00000000a309c270,0x00000000a5500000)
 Metaspace       used 67055K, capacity 69808K, committed 69888K, reserved 1110016K
  class space    used 8485K, capacity 8941K, committed 8960K, reserved 1048576K
}
Event: 1829.089 GC heap before
{Heap before GC invocations=22 (full 3):
 PSYoungGen      total 340480K, used 336075K [0x00000000e0000000, 0x00000000f6f00000, 0x0000000100000000)
  eden space 322560K, 100% used [0x00000000e0000000,0x00000000f3b00000,0x00000000f3b00000)
  from space 17920K, 75% used [0x00000000f5d80000,0x00000000f6ab2ff0,0x00000000f6f00000)
  to   space 26624K, 0% used [0x00000000f3b00000,0x00000000f3b00000,0x00000000f5500000)
 ParOldGen       total 87040K, used 49776K [0x00000000a0000000, 0x00000000a5500000, 0x00000000e0000000)
  object space 87040K, 57% used [0x00000000a0000000,0x00000000a309c270,0x00000000a5500000)
 Metaspace       used 67955K, capacity 71380K, committed 71680K, reserved 1112064K
  class space    used 8585K, capacity 9105K, committed 9216K, reserved 1048576K
Event: 1829.106 GC heap after
Heap after GC invocations=22 (full 3):
 PSYoungGen      total 349184K, used 4852K [0x00000000e0000000, 0x00000000fa700000, 0x0000000100000000)
  eden space 322560K, 0% used [0x00000000e0000000,0x00000000e0000000,0x00000000f3b00000)
  from space 26624K, 18% used [0x00000000f3b00000,0x00000000f3fbd2f8,0x00000000f5500000)
  to   space 26624K, 0% used [0x00000000f8d00000,0x00000000f8d00000,0x00000000fa700000)
 ParOldGen       total 87040K, used 52596K [0x00000000a0000000, 0x00000000a5500000, 0x00000000e0000000)
  object space 87040K, 60% used [0x00000000a0000000,0x00000000a335d280,0x00000000a5500000)
 Metaspace       used 67955K, capacity 71380K, committed 71680K, reserved 1112064K
  class space    used 8585K, capacity 9105K, committed 9216K, reserved 1048576K
}

