# JRE version: OpenJDK Runtime Environment (8.0_112-b06) (build 1.8.0_112-release-b06)
# Java VM: OpenJDK 64-Bit Server VM (25.112-b06 mixed mode windows-amd64 compressed oops)
Heap:
 PSYoungGen      total 274944K, used 221591K [0x00000000e0000000, 0x00000000f6080000, 0x0000000100000000)
  eden space 230912K, 84% used [0x00000000e0000000,0x00000000ebda3c20,0x00000000ee180000)
  from space 44032K, 62% used [0x00000000ee180000,0x00000000efc42078,0x00000000f0c80000)
  to   space 44032K, 0% used [0x00000000f3580000,0x00000000f3580000,0x00000000f6080000)
 ParOldGen       total 107520K, used 50203K [0x00000000a0000000, 0x00000000a6900000, 0x00000000e0000000)
  object space 107520K, 46% used [0x00000000a0000000,0x00000000a3106eb8,0x00000000a6900000)
 Metaspace       used 73375K, capacity 76914K, committed 77144K, reserved 1116160K
  class space    used 9401K, capacity 10026K, committed 10112K, reserved 1048576K
GC Heap History (10 events):
Event: 7357.527 GC heap before
{Heap before GC invocations=22 (full 3):
 PSYoungGen      total 231424K, used 223991K [0x00000000e0000000, 0x00000000f0c80000, 0x0000000100000000)
  eden space 207360K, 100% used [0x00000000e0000000,0x00000000eca80000,0x00000000eca80000)
  from space 24064K, 69% used [0x00000000ef500000,0x00000000f053dd50,0x00000000f0c80000)
  to   space 33792K, 0% used [0x00000000eca80000,0x00000000eca80000,0x00000000eeb80000)
 ParOldGen       total 107520K, used 45839K [0x00000000a0000000, 0x00000000a6900000, 0x00000000e0000000)
  object space 107520K, 42% used [0x00000000a0000000,0x00000000a2cc3f88,0x00000000a6900000)
 Metaspace       used 69977K, capacity 72948K, committed 73176K, reserved 1112064K
  class space    used 9066K, capacity 9651K, committed 9728K, reserved 1048576K
Event: 7357.584 GC heap after
Heap after GC invocations=22 (full 3):
 PSYoungGen      total 232960K, used 33779K [0x00000000e0000000, 0x00000000f1180000, 0x0000000100000000)
  eden space 199168K, 0% used [0x00000000e0000000,0x00000000e0000000,0x00000000ec280000)
  from space 33792K, 99% used [0x00000000eca80000,0x00000000eeb7cc10,0x00000000eeb80000)
  to   space 38912K, 0% used [0x00000000eeb80000,0x00000000eeb80000,0x00000000f1180000)
 ParOldGen       total 107520K, used 50171K [0x00000000a0000000, 0x00000000a6900000, 0x00000000e0000000)
  object space 107520K, 46% used [0x00000000a0000000,0x00000000a30feeb8,0x00000000a6900000)
 Metaspace       used 69977K, capacity 72948K, committed 73176K, reserved 1112064K
  class space    used 9066K, capacity 9651K, committed 9728K, reserved 1048576K
}
Event: 7362.143 GC heap before
{Heap before GC invocations=23 (full 3):
 PSYoungGen      total 232960K, used 232947K [0x00000000e0000000, 0x00000000f1180000, 0x0000000100000000)
  eden space 199168K, 100% used [0x00000000e0000000,0x00000000ec280000,0x00000000ec280000)
  from space 33792K, 99% used [0x00000000eca80000,0x00000000eeb7cc10,0x00000000eeb80000)
  to   space 38912K, 0% used [0x00000000eeb80000,0x00000000eeb80000,0x00000000f1180000)
 ParOldGen       total 107520K, used 50171K [0x00000000a0000000, 0x00000000a6900000, 0x00000000e0000000)
  object space 107520K, 46% used [0x00000000a0000000,0x00000000a30feeb8,0x00000000a6900000)
 Metaspace       used 71348K, capacity 74316K, committed 74584K, reserved 1114112K
  class space    used 9235K, capacity 9823K, committed 9856K, reserved 1048576K
Event: 7362.192 GC heap after
Heap after GC invocations=23 (full 3):
 PSYoungGen      total 227840K, used 30337K [0x00000000e0000000, 0x00000000f0f00000, 0x0000000100000000)
  eden space 191488K, 0% used [0x00000000e0000000,0x00000000e0000000,0x00000000ebb00000)
  from space 36352K, 83% used [0x00000000eeb80000,0x00000000f09204d0,0x00000000f0f00000)
  to   space 43008K, 0% used [0x00000000ebb00000,0x00000000ebb00000,0x00000000ee500000)
 ParOldGen       total 107520K, used 50179K [0x00000000a0000000, 0x00000000a6900000, 0x00000000e0000000)
  object space 107520K, 46% used [0x00000000a0000000,0x00000000a3100eb8,0x00000000a6900000)
 Metaspace       used 71348K, capacity 74316K, committed 74584K, reserved 1114112K
  class space    used 9235K, capacity 9823K, committed 9856K, reserved 1048576K
}
Event: 7362.645 GC heap before
{Heap before GC invocations=24 (full 3):
 PSYoungGen      total 227840K, used 221809K [0x00000000e0000000, 0x00000000f0f00000, 0x0000000100000000)
  eden space 191488K, 99% used [0x00000000e0000000,0x00000000ebafc138,0x00000000ebb00000)
  from space 36352K, 83% used [0x00000000eeb80000,0x00000000f09204d0,0x00000000f0f00000)
  to   space 43008K, 0% used [0x00000000ebb00000,0x00000000ebb00000,0x00000000ee500000)
 ParOldGen       total 107520K, used 50179K [0x00000000a0000000, 0x00000000a6900000, 0x00000000e0000000)
  object space 107520K, 46% used [0x00000000a0000000,0x00000000a3100eb8,0x00000000a6900000)
 Metaspace       used 71444K, capacity 74418K, committed 74584K, reserved 1114112K
  class space    used 9239K, capacity 9828K, committed 9856K, reserved 1048576K
Event: 7362.676 GC heap after
Heap after GC invocations=24 (full 3):
 PSYoungGen      total 234496K, used 27879K [0x00000000e0000000, 0x00000000f3c80000, 0x0000000100000000)
  eden space 191488K, 0% used [0x00000000e0000000,0x00000000e0000000,0x00000000ebb00000)
  from space 43008K, 64% used [0x00000000ebb00000,0x00000000ed639ea8,0x00000000ee500000)
  to   space 44032K, 0% used [0x00000000f1180000,0x00000000f1180000,0x00000000f3c80000)
 ParOldGen       total 107520K, used 50187K [0x00000000a0000000, 0x00000000a6900000, 0x00000000e0000000)
  object space 107520K, 46% used [0x00000000a0000000,0x00000000a3102eb8,0x00000000a6900000)
 Metaspace       used 71444K, capacity 74418K, committed 74584K, reserved 1114112K
  class space    used 9239K, capacity 9828K, committed 9856K, reserved 1048576K
}
Event: 11328.207 GC heap before
{Heap before GC invocations=25 (full 3):
 PSYoungGen      total 234496K, used 219367K [0x00000000e0000000, 0x00000000f3c80000, 0x0000000100000000)
  eden space 191488K, 100% used [0x00000000e0000000,0x00000000ebb00000,0x00000000ebb00000)
  from space 43008K, 64% used [0x00000000ebb00000,0x00000000ed639ea8,0x00000000ee500000)
  to   space 44032K, 0% used [0x00000000f1180000,0x00000000f1180000,0x00000000f3c80000)
 ParOldGen       total 107520K, used 50187K [0x00000000a0000000, 0x00000000a6900000, 0x00000000e0000000)
  object space 107520K, 46% used [0x00000000a0000000,0x00000000a3102eb8,0x00000000a6900000)
 Metaspace       used 71855K, capacity 75032K, committed 75224K, reserved 1114112K
  class space    used 9280K, capacity 9895K, committed 9984K, reserved 1048576K
Event: 11328.429 GC heap after
Heap after GC invocations=25 (full 3):
 PSYoungGen      total 269824K, used 25604K [0x00000000e0000000, 0x00000000f3780000, 0x0000000100000000)
  eden space 230912K, 0% used [0x00000000e0000000,0x00000000e0000000,0x00000000ee180000)
  from space 38912K, 65% used [0x00000000f1180000,0x00000000f2a812e0,0x00000000f3780000)
  to   space 44032K, 0% used [0x00000000ee180000,0x00000000ee180000,0x00000000f0c80000)
 ParOldGen       total 107520K, used 50195K [0x00000000a0000000, 0x00000000a6900000, 0x00000000e0000000)
  object space 107520K, 46% used [0x00000000a0000000,0x00000000a3104eb8,0x00000000a6900000)
 Metaspace       used 71855K, capacity 75032K, committed 75224K, reserved 1114112K
  class space    used 9280K, capacity 9895K, committed 9984K, reserved 1048576K
}
Event: 11392.763 GC heap before
{Heap before GC invocations=26 (full 3):
 PSYoungGen      total 269824K, used 256516K [0x00000000e0000000, 0x00000000f3780000, 0x0000000100000000)
  eden space 230912K, 100% used [0x00000000e0000000,0x00000000ee180000,0x00000000ee180000)
  from space 38912K, 65% used [0x00000000f1180000,0x00000000f2a812e0,0x00000000f3780000)
  to   space 44032K, 0% used [0x00000000ee180000,0x00000000ee180000,0x00000000f0c80000)
 ParOldGen       total 107520K, used 50195K [0x00000000a0000000, 0x00000000a6900000, 0x00000000e0000000)
  object space 107520K, 46% used [0x00000000a0000000,0x00000000a3104eb8,0x00000000a6900000)
 Metaspace       used 72567K, capacity 75808K, committed 75992K, reserved 1116160K
  class space    used 9338K, capacity 9937K, committed 9984K, reserved 1048576K
Event: 11392.928 GC heap after
Heap after GC invocations=26 (full 3):
 PSYoungGen      total 274944K, used 27400K [0x00000000e0000000, 0x00000000f6080000, 0x0000000100000000)
  eden space 230912K, 0% used [0x00000000e0000000,0x00000000e0000000,0x00000000ee180000)
  from space 44032K, 62% used [0x00000000ee180000,0x00000000efc42078,0x00000000f0c80000)
  to   space 44032K, 0% used [0x00000000f3580000,0x00000000f3580000,0x00000000f6080000)
 ParOldGen       total 107520K, used 50203K [0x00000000a0000000, 0x00000000a6900000, 0x00000000e0000000)
  object space 107520K, 46% used [0x00000000a0000000,0x00000000a3106eb8,0x00000000a6900000)
 Metaspace       used 72567K, capacity 75808K, committed 75992K, reserved 1116160K
  class space    used 9338K, capacity 9937K, committed 9984K, reserved 1048576K
}

